<testsuite errors='0' failures='0' name='MainTest.firstTest.MainTest' tests='1' time='0' ><testcase name="firstTest" time="0"/></testsuite>